1446672577  #ta@0000000_0000045  UID:
1446672600  #ta@0000000_0000045  UID:
1446679584  #ta@0000000_0000045  UID:
1446679604  #ta@0000000_0000045  UID:
1446679763  #ta@0000000_0000045  UID:
1446687089  #ta@0000000_0000045  UID:
1446687212  #ta@0000000_0000045  UID:
1446687222  #ta@0000000_0000045  UID:
1446733076  #ta@0000000_0000045  UID:
1446733258  #ta@0000000_0000045  UID:
1446733291  #ta@0000000_0000045  UID:
1446733518  #ta@0000000_0000045  UID:
1446733582  #ta@0000000_0000045  UID:
1446733607  #ta@0000000_0000045  UID:
1446734013  #ta@0000000_0000045  UID:
1446747594  #ta@0000000_0000045  UID:
1446747611  #ta@0000000_0000045  UID:
1446747656  #ta@0000000_0000045  UID:
1446824213  #ta@0000000_0000066  UID:
1446824690  #ta@0000000_0000046  UID:
1446824713  #ta@0000000_0000046  UID:
1446824759  #ta@0000000_0000046  UID:
1446824781  #ta@0000000_0000046  UID:
1446825167  #ta@0000000_0000046  UID:
1447714726  #ta@0000000_0000001  UID:
1447714768  #ta@0000000_0000001  UID:
1447715654  #ta@0000000_0000001  UID:
1447716014  #ta@0000000_0000001  UID:
1447716143  #ta@0000000_0000001  UID:
1447716161  #ta@0000000_0000001  UID:
1447716339  #ta@0000000_0000001  UID:
1447716502  #ta@0000000_0000001  UID:
1447716575  #ta@0000000_0000001  UID:
1447717054  #ta@0000000_0000001  UID:
1447718164  ta#signup#1  UID:
1447718232  ta#signup#1  UID:
1447718728  ta#signup#1  UID:
1447718968  ta#signup#1  UID:
1447719116  #ta@0000000_0000000  UID:
1447719554  #ta@0000000_0000066  UID:
1447720018  #ta@0000000_0000045  UID:
1447720510  #ta@0000000_0000066  UID:
1447720913  #ta@0000000_0000066  UID:
1447721334  #ta@0000000_0000066  UID:
1447721679  #ta@0000000_0000066  UID:
1447721873  #ta@0000000_0000066  UID:
1447722527  #ta@0000000_0000066  UID:
1447723068  #ta@0000000_0000066  UID:
1447756638  #ta@0000000_0000066  UID:
1447758968  #ta@0000000_0000045  UID:
1447761836  #ta@0000000_0000122  UID:
1447762137  #ta@0000000_0000002  UID:
1447762185  #ta@0000000_0000066  UID:
1447763386  #ta@0000000_0000066  UID:
1447869164  #ta@0000000_0000066  UID:
1447869765  #ta@0000000_0000001  UID:
1447869802  #ta@0000000_0000066  UID:
1447873037  #ta@0000000_0000066  UID:
1448017234  #ta@0000000_0000002  UID:
1448017287  #ta@0000000_0000066  UID:
1448018705  #ta@0000000_0000066  UID:
1448019226  #ta@0000000_0000066  UID:
1448020407  #ta@0000000_0000066  UID:
1448020556  #ta@0000000_0000066  UID:
1448020831  #ta@0000000_0000066  UID:
1448027841  #ta@0000000_0000002  UID:
1448027894  #ta@0000000_0000002  UID:
1448028144  #ta@0000000_0000001  UID:
1448028153  #ta@0000000_0000002  UID:
1448031430  Unknown  UID:
1448034039  Unknown  UID:
1448137113  #ta@0000000_0000001  UID:
1448137124  #ta@0000000_0000002  UID:
1448176900  #ta@0000000_0000002  UID:
1448182534    UID:
1448182534    UID:
1448182539    UID:
1448187974  #ta@0000000_0000001  UID:
1448873769  #ta@0000000_0000002  UID:
1448873787  #ta@0000000_0000002  UID:
1448873812  #ta@0000000_0000002  UID:
1448873926  #ta@0000000_0000002  UID:
1450245319  #ta@0000000_0000002  UID:
1450245334  #ta@0000000_0000002  UID:
1450247840  1146  UID:
1450247840  1146  UID:
1450247841  1146  UID:
1450247845  1146  UID:
1450247849  1146  UID:
1450248013  1146  UID:
1450248013  1146  UID:
1450248014  1146  UID:
1450248014  1146  UID:
1450248196  1146  UID:
1450248196  1146  UID:
1450248196  1146  UID:
1450248197  1146  UID:
1450248197  1146  UID:
1450248198  1146  UID:
1450248293  1146  UID:
1450248293  1146  UID:
1450248294  1146  UID:
1450248295  1146  UID:
1450264893  Unknown  UID:
1450264961  Unknown  UID:
1450376524  #ta@0000000_0000002  UID:
1450517601  #ta@0000000_0000000  UID:
1450525536  #ta@0000000_0000000  UID:
1450525597  1054  UID:
1450525861  1054  UID:
1450595079  #ta@0000000_0000000  UID:
1450595484  #ta@0000000_0000000  UID:
1450595850  #ta@0000000_0000000  UID:
1450603488  #ta@0000000_0000000  UID:
1450603869  #ta@0000000_0000000  UID:
1450604252  #ta@0000000_0000000  UID:
1450606247  #ta@0000000_0000000  UID:
1450606628  #ta@0000000_0000000  UID:
1450607022  #ta@0000000_0000000  UID:
1450610240  #ta@0000000_0000000  UID:
1450610733  #ta@0000000_0000002  UID:
1450610741  #ta@0000000_0000002  UID:
1450611292  #ta@0000000_0000000  UID:
1450611652  #ta@0000000_0000000  UID:
1450612048  #ta@0000000_0000000  UID:
1450615792  #ta@0000000_0000000  UID:
1450616157  #ta@0000000_0000000  UID:
1450616532  #ta@0000000_0000000  UID:
1450617813  #ta@0000000_0000000  UID:
1450618023  #ta@0000000_0000000  UID:
1450618276  #ta@0000000_0000000  UID:
1450618456  #ta@0000000_0000000  UID:
1450618660  #ta@0000000_0000000  UID:
1450618850  #ta@0000000_0000000  UID:
1450620149  #ta@0000000_0000000  UID:
1450625747  #ta@0000000_0000000  UID:
1450626097  #ta@0000000_0000000  UID:
1450681749  #ta@0000000_0000000  UID:
1450681929  #ta@0000000_0000000  UID:
1450682125  #ta@0000000_0000000  UID:
1450682295  #ta@0000000_0000000  UID:
1450682495  #ta@0000000_0000000  UID:
1450682665  #ta@0000000_0000000  UID:
1450692198  #ta@0000000_0000000  UID:
1450692379  #ta@0000000_0000000  UID:
1450692603  #ta@0000000_0000000  UID:
1450692773  #ta@0000000_0000000  UID:
1450692997  #ta@0000000_0000000  UID:
1450693187  #ta@0000000_0000000  UID:
1450700206  #ta@0000000_0000000  UID:
1450701879  #ta@0000000_0000000  UID:
1450701884  #ta@0000000_0000000  UID:
1450703387  #ta@0000000_0000000  UID:
1450703773  #ta@0000000_0000000  UID:
1450704159  #ta@0000000_0000000  UID:
1450782566  #ta@0000000_0000000  UID:
1450782819  #ta@0000000_0000000  UID:
1450783181  #ta@0000000_0000000  UID:
1450784258  1064  UID:
1450784258  1064  UID:
1450784264  1064  UID:
1450784278  1064  UID:
1450784309  1064  UID:
1450784318  1064  UID:
1450784378  1064  UID:
1450784538  1064  UID:
1450784538  1064  UID:
1450784544  1064  UID:
1450784552  1064  UID:
1450784634  1064  UID:
1450790580  #ta@0000000_0000000  UID:
1450790712  #ta@0000000_0000000  UID:
1450792662  #ta@0000000_0000002  UID:
1450802526  #ta@0000000_0000000  UID:
1450969569  #ta@0000000_0000000  UID:
1450973296  #ta@0000000_0000000  UID:
1450975743  #ta@0000000_0000000  UID:
1450976429  1064  UID:
1450976431  1064  UID:
1450976431  1064  UID:
1450976434  1064  UID:
1450976434  1064  UID:
1450976434  1064  UID:
1450976435  1064  UID:
1450976438  1064  UID:
1450976438  1064  UID:
1450976439  1064  UID:
1450976439  1064  UID:
1450976507  1064  UID:
1450976508  1064  UID:
1450976508  1064  UID:
1450976508  1064  UID:
1450976510  1064  UID:
1450976510  1064  UID:
1450976510  1064  UID:
1450976510  1064  UID:
1450976617  1064  UID:
1450976618  1064  UID:
1450976618  1064  UID:
1450976618  1064  UID:
1450976620  1064  UID:
1450976620  1064  UID:
1450976663  1064  UID:
1450976663  1064  UID:
1450976663  1064  UID:
1450976664  1064  UID:
1450976664  1064  UID:
1450976665  1064  UID:
1450976665  1064  UID:
1450976665  1064  UID:
1450976754  1064  UID:
1450976754  1064  UID:
1450976754  1064  UID:
1450976755  1064  UID:
1450976759  1064  UID:
1450976759  1064  UID:
1450976760  1064  UID:
1450976760  1064  UID:
1450976761  1064  UID:
1450976763  1064  UID:
1450976763  1064  UID:
1450976917  1064  UID:
1450976918  1064  UID:
1450976920  1064  UID:
1450976920  1064  UID:
1450976920  1064  UID:
1450976920  1064  UID:
1450976921  1064  UID:
1450977193  1064  UID:
1450977193  1064  UID:
1450977193  1064  UID:
1450977194  1064  UID:
1450977194  1064  UID:
1450977286  1146  UID:
1450977286  1146  UID:
1450977286  1146  UID:
1450977287  1146  UID:
1450977287  1146  UID:
1450977291  1146  UID:
1450984097  #ta@0000000_0000001  UID:
1450984143  #ta@0000000_0000001  UID:
1450984204  #ta@0000000_0000001  UID:
1450984401  #ta@0000000_0000001  UID:
1450984404  #ta@0000000_0000001  UID:
1450991750  #ta@0000000_0000000  UID:
1450997481  #ta@0000000_0000000  UID:
1451045057  #ta@0000000_0000000  UID:
1451073706  #ta@0000000_0000000  UID:
1451073755  #ta@0000000_0000000  UID:
1451073827  #ta@0000000_0000000  UID:
1451073940  #ta@0000000_0000000  UID:
1451073977  #ta@0000000_0000000  UID:
1451074050  #ta@0000000_0000000  UID:
1451074113  #ta@0000000_0000000  UID:
1451080538  #ta@0000000_0000000  UID:
1451080588  #ta@0000000_0000000  UID:
1451080652  #ta@0000000_0000000  UID:
1451080838  #ta@0000000_0000000  UID:
1451080874  #ta@0000000_0000000  UID:
1451080915  #ta@0000000_0000000  UID:
1451080995  #ta@0000000_0000000  UID:
1451081019  #ta@0000000_0000000  UID:
1451082691  #ta@0000000_0000000  UID:
1451082691  #ta@0000000_0000000  UID:
1451082719  #ta@0000000_0000000  UID:
1451082971  #ta@0000000_0000000  UID:
1451083002  #ta@0000000_0000000  UID:
1451083039  #ta@0000000_0000000  UID:
1451083096  #ta@0000000_0000000  UID:
1451147941  #ta@0000000_0000000  UID:
1451149528  #ta@0000000_0000000  UID:
1451150563  #ta@0000000_0000000  UID:
1451159385  #ta@0000000_0000036  UID:
1451159487  #ta@0000000_0000036  UID:
1451159560  #ta@0000000_0000036  UID:
1451160278  #ta@0000000_0000000  UID:
1451160941  #ta@0000000_0000036  UID:
1451160960  #ta@0000000_0000036  UID:
1451161005  Unknown  UID:
1451163198  #ta@0000000_0000036  UID:
1451163465  #ta@0000000_0000036  UID:
1451163699  #ta@0000000_0000036  UID:
1451164118  #ta@0000000_0000036  UID:
1451164381  #ta@0000000_0000036  UID:
1451164770  #ta@0000000_0000000  UID:
1451164831  #ta@0000000_0000036  UID:
1451205602  #ta@0000000_0000000  UID:
1451223044  #ta@0000000_0000000  UID:
1451234332  #ta@0000000_0000000  UID:
1451250069  #ta@0000000_0000000  UID:
1451250690  Unknown  UID:
1451260829  #ta@0000000_0000000  UID:
1451294505  #ta@0000000_0000000  UID:
1451296661  #ta@0000000_0000000  UID:
1451305105  #ta@0000000_0000000  UID:
1451307153  #ta@0000000_0000000  UID:
1451311643  #ta@0000000_0000000  UID:
1451322593  1054  UID:
1451322595  1054  UID:
1451322664  1054  UID:
1451322671  1054  UID:
1451322673  1054  UID:
1451322675  1054  UID:
1451322676  1054  UID:
1451322676  1054  UID:
1451322678  1054  UID:
1451322680  1054  UID:
1451322685  1054  UID:
1451322687  1054  UID:
1451322688  1054  UID:
1451322692  1054  UID:
1451322692  1054  UID:
1451322693  1054  UID:
1451337721  #ta@0000000_0000000  UID:
1451341598  #ta@0000000_0000000  UID:
1451343208  1054  UID:
1451343209  1054  UID:
1451343215  1054  UID:
1451343215  1054  UID:
1451343216  1054  UID:
1451343219  1054  UID:
1451343220  1054  UID:
1451343220  1054  UID:
1451343429  1054  UID:
1451343430  1054  UID:
1451343430  1054  UID:
1451343594  1054  UID:
1451343595  1054  UID:
1451343595  1054  UID:
1451353936  1146  UID:
1451353971  1146  UID:
1451353977  1146  UID:
1451354097  1146  UID:
1451354413  1146  UID:
1452834953  #ta@0000000_0000000  UID:
1452835731  #ta@0000000_0000002  UID:
1453017498  #ta@0000000_0000000  UID:
1453020745  #ta@0000000_0000000  UID:
1453022125  #ta@0000000_0000000  UID:
1453050340  #ta@0000000_0000000  UID:
1453141225  #ta@0000000_0000000  UID:
1453141273  #ta@0000000_0000000  UID:
1453142586  #ta@0000000_0000000  UID:
1453142588  #ta@0000000_0000000  UID:
1453142589  #ta@0000000_0000000  UID:
1453145126  #ta@0000000_0000000  UID:
1453148925  #ta@0000000_0000000  UID:
1453212765  #ta@0000000_0000000  UID:
1453226378  #ta@0000000_0000000  UID:
1453226771  #ta@0000000_0000000  UID:
1453276093  #ta@0000000_0000002  UID:
1453276156  #ta#invalidemail  UID:
1453276156  #ta#invalidemail  UID:
1453276165  #ta#forgotunamenomatch  UID:
1453276166  #ta#forgotunamenomatch  UID:
1453276186  #ta#invalidemail  UID:
1453276187  #ta#invalidemail  UID:
1453279417  #ta@0000000_0000002  UID:
1453284182  1064  UID:
1453284239  1064  UID:
1453284287  1064  UID:
1453284301  1064  UID:
1453284425  1064  UID:
1453284492  1064  UID:
1453286257  1064  UID:
1453286309  1064  UID:
1453287901  #ta@0000000_0000000  UID:
1453288806  #ta@0000000_0000002  UID:
1453305209  #ta@0000000_0000000  UID:
1453305213  #ta@0000000_0000000  UID:
1453310012  #ta@0000000_0000000  UID:
1453310012  #ta@0000000_0000000  UID:
1453310123  #ta@0000000_0000000  UID:
1453310123  #ta@0000000_0000000  UID:
1453313465  #ta@0000000_0000000  UID:
1453313465  #ta@0000000_0000000  UID:
1453365683  #ta@0000000_0000001  UID:
1453365684  #ta@0000000_0000001  UID:
1453365705  #ta@0000000_0000001  UID:
1453365706  #ta@0000000_0000001  UID:
1453365738  #ta@0000000_0000001  UID:
1453365738  #ta@0000000_0000001  UID:
1453365797  #ta@0000000_0000001  UID:
1453365797  #ta@0000000_0000001  UID:
1453365807  #ta@0000000_0000001  UID:
1453365807  #ta@0000000_0000001  UID:
1453365809  #ta@0000000_0000001  UID:
1453365810  #ta@0000000_0000001  UID:
1453365811  #ta@0000000_0000001  UID:
1453365811  #ta@0000000_0000001  UID:
1453365838  #ta@0000000_0000001  UID:
1453365839  #ta@0000000_0000001  UID:
1453365890  #ta@0000000_0000000  UID:
1453365890  #ta@0000000_0000000  UID:
1453365901  #ta@0000000_0000001  UID:
1453365901  #ta@0000000_0000001  UID:
1453366030  #ta@0000000_0000001  UID:
1453366030  #ta@0000000_0000001  UID:
1453366068  #ta@0000000_0000001  UID:
1453366068  #ta@0000000_0000001  UID:
1453366070  #ta@0000000_0000001  UID:
1453366070  #ta@0000000_0000001  UID:
1453366147  #ta@0000000_0000001  UID:
1453366147  #ta@0000000_0000001  UID:
1453366311  #ta@0000000_0000001  UID:
1453366311  #ta@0000000_0000001  UID:
1453366326  #ta@0000000_0000001  UID:
1453366326  #ta@0000000_0000001  UID:
1453366441  #ta@0000000_0000001  UID:
1453366442  #ta@0000000_0000001  UID:
1453366506  #ta@0000000_0000001  UID:
1453366506  #ta@0000000_0000001  UID:
1453366528  #ta@0000000_0000001  UID:
1453366528  #ta@0000000_0000001  UID:
1453367357  #ta@0000000_0000001  UID:
1453367358  #ta@0000000_0000001  UID:
1453367371  #ta@0000000_0000001  UID:
1453367372  #ta@0000000_0000001  UID:
1453367976  #ta@0000000_0000001  UID:
1453367976  #ta@0000000_0000001  UID:
1453369738  #ta@0000000_0000000  UID:
1453374937  #ta@0000000_0000000  UID:
1453375227  #ta@0000000_0000000  UID:
1453377589  1146  UID:
1453377589  1146  UID:
1453377591  1146  UID:
1453384037  #ta@0000000_0000000  UID:
1453384225  #ta@0000000_0000000  UID:
1453397204  #ta@0000000_0000000  UID:
1453399781  #ta@0000000_0000000  UID:
1453449714  #ta@0000000_0000000  UID:
1453454103  #ta@0000000_0000000  UID:
1453456568  Unknown  UID:
1453456668  Unknown  UID:
1453456828  Unknown  UID:
1453456854  Unknown  UID:
1453456869  Unknown  UID:
1453456899  Unknown  UID:
1453456939  Unknown  UID:
1453457122  Unknown  UID:
1453459256  #ta@0000000_0000000  UID:
1453461647  #ta@0000000_0000000  UID:
1453478097  #ta@0000000_0000000  UID:
1453478395  #ta@0000000_0000000  UID:
1453486600  #ta@0000000_0000000  UID:
1453487524  #ta@0000000_0000000  UID:
1453487575  #ta@0000000_0000000  UID:
1453487758  #ta@0000000_0000000  UID:
1453489263  #ta@0000000_0000000  UID:
1453537902  #ta@0000000_0000036  UID:
1453538466  #ta@0000000_0000045  UID:
1453541512  #ta@0000000_0000000  UID:
1453547111  Unknown  UID:
1453549860  #ta@0000000_0000000  UID:
1453550540  #ta@0000000_0000000  UID:
1453555870  #ta@0000000_0000000  UID:
1453568586  #ta@0000000_0000000  UID:
1453641112  #ta@0000000_0000000  UID:
1453648832  #ta@0000000_0000000  UID:
1453664330  #ta@0000000_0000000  UID:
1453714017  #ta@0000000_0000000  UID:
1453715586  #ta@0000000_0000000  UID:
1453724828  1064  UID:
1453724918  1064  UID:
1453724921  1064  UID:
1453724922  1064  UID:
1453724988  1064  UID:
1453725105  1064  UID:
1453725335  1064  UID:
1453725407  1064  UID:
1453729781  #ta#forgotpwdempty  UID:
1453729781  #ta#forgotpwdempty  UID:
1453729786  #ta#forgotpwdempty  UID:
1453729816  #ta#forgotpwdempty  UID:
1453729837  #ta#forgotpwdempty  UID:
1453729877  #ta#forgotpwdempty  UID:
1453730524  #ta#pwdchangeinvalid  UID:
1453741122  #ta@0000000_0000001  UID:
1453741139  #ta@0000000_0000000  UID:
1453741277  #ta@0000000_0000000  UID:
1453741505  #ta@0000000_0000000  UID:
1453741557  #ta@0000000_0000000  UID:
1453741623  #ta@0000000_0000000  UID:
1453741764  #ta@0000000_0000000  UID:
1453745457  #ta@0000000_0000001  UID:
1453745954  #ta@0000000_0000000  UID:
1453746056  #ta@0000000_0000001  UID:
1453748379  #ta@0000000_0000000  UID:
1453795849  #ta@0000000_0000001  UID:
1453800285  #ta@0000000_0000001  UID:
1453800341  #ta@0000000_0000000  UID:
1453815252  #ta@0000000_0000001  UID:
1453831400  #ta@0000000_0000000  UID:
1453876895  #ta@0000000_0000000  UID:
1453885163  #ta@0000000_0000001  UID:
1453889603  #ta@0000000_0000001  UID:
1453890805  #ta@0000000_0000000  UID:
1453890969  #ta@0000000_0000000  UID:
1453891033  #ta@0000000_0000000  UID:
1453891132  #ta@0000000_0000000  UID:
1453899640  #ta@0000000_0000000  UID:
1453899749  #ta@0000000_0000000  UID:
1453899868  #ta@0000000_0000000  UID:
1453902338  #ta@0000000_0000000  UID:
1453902411  #ta@0000000_0000000  UID:
1453902502  #ta@0000000_0000000  UID:
1453902547  #ta@0000000_0000000  UID:
1453907049  #ta@0000000_0000001  UID:
1453913674  #ta@0000000_0000000  UID:
1453914542  #ta@0000000_0000001  UID:
1453918732  #ta@0000000_0000000  UID:
1453924319  #ta@0000000_0000000  UID:
1453928255  #ta@0000000_0000000  UID:
1453928268  1327  UID:
1453933085  #ta@0000000_0000000  UID:
1453936335  #ta@0000000_0000000  UID:
1453978007  #ta@0000000_0000001  UID:
1453981659  #ta@0000000_0000000  UID:
1453981675  #ta@0000000_0000000  UID:
1453983246  #ta@0000000_0000000  UID:
1453983333  #ta@0000000_0000001  UID:
1453985368  #ta@0000000_0000000  UID:
1453985828  #ta@0000000_0000001  UID:
1453986968  #ta@0000000_0000000  UID:
1453989444  #ta@0000000_0000000  UID:
1453991760  #ta@0000000_0000000  UID:
1454000957  #ta@0000000_0000000  UID:
1454000973  #ta@0000000_0000001  UID:
1454001017  #ta@0000000_0000000  UID:
1454001482  #ta@0000000_0000000  UID:
1454001854  #ta@0000000_0000001  UID:
1454002156  #ta@0000000_0000000  UID:
1454002159  #ta@0000000_0000000  UID:
1454002166  #ta@0000000_0000000  UID:
1454002174  #ta@0000000_0000000  UID:
1454002183  #ta@0000000_0000000  UID:
1454002191  #ta@0000000_0000000  UID:
1454002200  #ta@0000000_0000000  UID:
1454002208  #ta@0000000_0000000  UID:
1454002218  #ta@0000000_0000000  UID:
1454007083  #ta@0000000_0000000  UID:
1454018043  #ta@0000000_0000000  UID:
1454018689  #ta@0000000_0000000  UID:
1454018814  #ta@0000000_0000001  UID:
1454021271  #ta@0000000_0000000  UID:
1454025272  #ta@0000000_0000000  UID:
1454069687  #ta@0000000_0000000  UID:
1454069711  #ta@0000000_0000002  UID:
1454069722  #ta@0000000_0000002  UID:
1454069737  #ta@0000000_0000002  UID:
1454069777  #ta@0000000_0000000  UID:
1454070699  #ta@0000000_0000001  UID:
1454071232  #ta@0000000_0000000  UID:
1454080953  #ta@0000000_0000001  UID:
1454091458  #ta@0000000_0000001  UID:
1454091642  #ta@0000000_0000001  UID:
1454099659  1064  UID:
1454099663  1064  UID:
1454099664  1064  UID:
1454099684  1064  UID:
1454099688  1064  UID:
1454099688  1064  UID:
1454099760  1064  UID:
1454099761  1064  UID:
1454099804  1052  UID:
1454099804  1052  UID:
1454099885  1054  UID:
1454099885  1054  UID:
1454106385  #ta@0000000_0000000  UID:
1454113251  1064  UID:
1454113282  1064  UID:
1454113320  1064  UID:
1454113367  1064  UID:
1454115076  #ta@0000000_0000000  UID:
1454115080  #ta@0000000_0000000  UID:
1454115081  #ta@0000000_0000000  UID:
1454115081  #ta@0000000_0000000  UID:
1454115081  #ta@0000000_0000000  UID:
1454115082  #ta@0000000_0000000  UID:
1454115082  #ta@0000000_0000000  UID:
1454115083  #ta@0000000_0000000  UID:
1454115084  #ta@0000000_0000000  UID:
1454115084  #ta@0000000_0000000  UID:
1454115084  #ta@0000000_0000000  UID:
1454150019  #ta@0000000_0000002  UID:
1454155228  #ta@0000000_0000000  UID:
1454162613  #ta@0000000_0000001  UID:
1454162843  #ta@0000000_0000000  UID:
1454164042  #ta@0000000_0000000  UID:
1454164122  #ta@0000000_0000002  UID:
1454164191  #ta@0000000_0000000  UID:
1454164436  #ta@0000000_0000001  UID:
1454164540  #ta@0000000_0000001  UID:
1454167203  #ta@0000000_0000001  UID:
1454169452  #ta@0000000_0000000  UID:
1454170972  #ta@0000000_0000000  UID:
1454171748  #ta@0000000_0000000  UID:
1454172684  #ta@0000000_0000000  UID:
1454178969  #ta@0000000_0000000  UID:
1454179207  #ta@0000000_0000000  UID:
1454180364  1064  UID:
1454180622  1064  UID:
1454180809  1064  UID:
1454226102  #ta@0000000_0000000  UID:
1454226104  #ta@0000000_0000000  UID:
1454226112  #ta@0000000_0000001  UID:
1454226118  #ta@0000000_0000000  UID:
1454226123  #ta@0000000_0000000  UID:
1454226126  #ta@0000000_0000000  UID:
1454226126  #ta@0000000_0000000  UID:
1454226127  #ta@0000000_0000000  UID:
1454226128  #ta@0000000_0000000  UID:
1454226130  #ta@0000000_0000000  UID:
1454227560  #ta@0000000_0000000  UID:
1454228198  #ta@0000000_0000000  UID:
1454237961  #ta@0000000_0000000  UID:
1454248208  #ta@0000000_0000000  UID:
1454248258  #ta@0000000_0000000  UID:
1454255277  #ta@0000000_0000001  UID:
1454261617  #ta@0000000_0000000  UID:
1454277977  #ta@0000000_0000001  UID:
1454279419  1327  UID:
1454279941  #ta@0000000_0000000  UID:
1454284229  #ta@0000000_0000001  UID:
